[11:35:28] [ServerMain/INFO]: Environment: authHost='https://authserver.mojang.com', accountsHost='https://api.mojang.com', sessionHost='https://sessionserver.mojang.com', servicesHost='https://api.minecraftservices.com', name='PROD'
[11:35:30] [ServerMain/INFO]: Loaded 7 recipes
[11:35:30] [Server thread/INFO]: Starting minecraft server version 1.20.1
[11:35:30] [Server thread/INFO]: Loading properties
[11:35:30] [Server thread/INFO]: This server is running Paper version git-Paper-196 (MC: 1.20.1) (Implementing API version 1.20.1-R0.1-SNAPSHOT) (Git: 773dd72)
[11:35:30] [Server thread/INFO]: Server Ping Player Sample Count: 12
[11:35:31] [Server thread/INFO]: Using 4 threads for Netty based IO
[11:35:31] [Server thread/WARN]: [!] The timings profiler has been enabled but has been scheduled for removal from Paper in the future.
    We recommend installing the spark profiler as a replacement: https://spark.lucko.me/
    For more information please visit: https://github.com/PaperMC/Paper/issues/8948
[11:35:31] [Server thread/INFO]: [ChunkTaskScheduler] Chunk system is using 1 I/O threads, 3 worker threads, and gen parallelism of 3 threads
[11:35:31] [Server thread/INFO]: Default game type: SURVIVAL
[11:35:31] [Server thread/INFO]: Generating keypair
[11:35:31] [Server thread/INFO]: Starting Minecraft server on *:25565
[11:35:31] [Server thread/INFO]: Using default channel type
[11:35:31] [Server thread/INFO]: Paper: Using Java compression from Velocity.
[11:35:31] [Server thread/INFO]: Paper: Using Java cipher from Velocity.
[11:35:31] [Server thread/INFO]: [AutoTask] Loading server plugin AutoTask v1.0
[11:35:31] [Server thread/INFO]: Server permissions file permissions.yml is empty, ignoring it
[11:35:31] [Server thread/WARN]: **** SERVER IS RUNNING IN OFFLINE/INSECURE MODE!
[11:35:31] [Server thread/WARN]: The server will make no attempt to authenticate usernames. Beware.
[11:35:31] [Server thread/WARN]: While this makes the game possible to play without internet access, it also opens up the ability for hackers to connect with any username they choose.
[11:35:31] [Server thread/WARN]: To change this, set "online-mode" to "true" in the server.properties file.
[11:35:31] [Server thread/INFO]: Preparing level "world"
[11:35:32] [Server thread/INFO]: Preparing start region for dimension minecraft:overworld
[11:35:32] [Server thread/INFO]: Time elapsed: 166 ms
[11:35:32] [Server thread/INFO]: Preparing start region for dimension minecraft:the_nether
[11:35:32] [Server thread/INFO]: Time elapsed: 28 ms
[11:35:32] [Server thread/INFO]: Preparing start region for dimension minecraft:the_end
[11:35:32] [Server thread/INFO]: Time elapsed: 22 ms
[11:35:32] [Server thread/INFO]: [AutoTask] Enabling AutoTask v1.0
[11:35:32] [Server thread/INFO]: [AutoTask] Tarea cargada: test
[11:35:32] [Server thread/INFO]: Running delayed init tasks
[11:35:32] [Server thread/INFO]: Done (1.839s)! For help, type "help"
[11:35:32] [Server thread/INFO]: Timings Reset
[11:35:33] [Server thread/INFO]: [AutoTask] Tarea cargada: test
